<?xml version="1.0" encoding="UTF-8"?>
<testng-results skipped="0" failed="1" ignored="0" total="1" passed="0">
  <reporter-output>
  </reporter-output>
  <suite name="Default suite" duration-ms="6266" started-at="2019-09-22T06:39:37Z" finished-at="2019-09-22T06:39:43Z">
    <groups>
    </groups>
    <test name="Default test" duration-ms="6266" started-at="2019-09-22T06:39:37Z" finished-at="2019-09-22T06:39:43Z">
      <class name="projectnew.ObjRepoTest">
        <test-method status="PASS" signature="beforeSuiteTest()[pri:0, instance:projectnew.ObjRepoTest@1bce4f0a]" name="beforeSuiteTest" is-config="true" duration-ms="16" started-at="2019-09-22T12:09:37Z" finished-at="2019-09-22T12:09:37Z">
          <reporter-output>
          </reporter-output>
        </test-method> <!-- beforeSuiteTest -->
        <test-method status="FAIL" signature="f()[pri:0, instance:projectnew.ObjRepoTest@1bce4f0a]" name="f" duration-ms="6183" started-at="2019-09-22T12:09:37Z" finished-at="2019-09-22T12:09:43Z">
          <exception class="org.openqa.selenium.WebDriverException">
            <message>
              <![CDATA[permission deniedBuild info: version: '3.141.59', revision: 'e82be7d358', time: '2018-11-14T08:25:48'System info: host: 'DELL', ip: '192.168.43.137', os.name: 'Windows 8.1', os.arch: 'amd64', os.version: '6.3', java.version: '1.8.0_211'Driver info: driver.version: FirefoxDriverremote stacktrace: ]]>
            </message>
            <full-stacktrace>
              <![CDATA[org.openqa.selenium.WebDriverException: permission deniedBuild info: version: '3.141.59', revision: 'e82be7d358', time: '2018-11-14T08:25:48'System info: host: 'DELL', ip: '192.168.43.137', os.name: 'Windows 8.1', os.arch: 'amd64', os.version: '6.3', java.version: '1.8.0_211'Driver info: driver.version: FirefoxDriverremote stacktrace: at sun.reflect.NativeConstructorAccessorImpl.newInstance0(Native Method)at sun.reflect.NativeConstructorAccessorImpl.newInstance(Unknown Source)at sun.reflect.DelegatingConstructorAccessorImpl.newInstance(Unknown Source)at java.lang.reflect.Constructor.newInstance(Unknown Source)at org.openqa.selenium.remote.W3CHandshakeResponse.lambda$errorHandler$0(W3CHandshakeResponse.java:62)at org.openqa.selenium.remote.HandshakeResponse.lambda$getResponseFunction$0(HandshakeResponse.java:30)at org.openqa.selenium.remote.ProtocolHandshake.lambda$createSession$0(ProtocolHandshake.java:126)at java.util.stream.ReferencePipeline$3$1.accept(Unknown Source)at java.util.Spliterators$ArraySpliterator.tryAdvance(Unknown Source)at java.util.stream.ReferencePipeline.forEachWithCancel(Unknown Source)at java.util.stream.AbstractPipeline.copyIntoWithCancel(Unknown Source)at java.util.stream.AbstractPipeline.copyInto(Unknown Source)at java.util.stream.AbstractPipeline.wrapAndCopyInto(Unknown Source)at java.util.stream.FindOps$FindOp.evaluateSequential(Unknown Source)at java.util.stream.AbstractPipeline.evaluate(Unknown Source)at java.util.stream.ReferencePipeline.findFirst(Unknown Source)at org.openqa.selenium.remote.ProtocolHandshake.createSession(ProtocolHandshake.java:128)at org.openqa.selenium.remote.ProtocolHandshake.createSession(ProtocolHandshake.java:74)at org.openqa.selenium.remote.HttpCommandExecutor.execute(HttpCommandExecutor.java:136)at org.openqa.selenium.remote.service.DriverCommandExecutor.execute(DriverCommandExecutor.java:83)at org.openqa.selenium.remote.RemoteWebDriver.execute(RemoteWebDriver.java:552)at org.openqa.selenium.remote.RemoteWebDriver.startSession(RemoteWebDriver.java:213)at org.openqa.selenium.remote.RemoteWebDriver.<init>(RemoteWebDriver.java:131)at org.openqa.selenium.firefox.FirefoxDriver.<init>(FirefoxDriver.java:147)at org.openqa.selenium.firefox.FirefoxDriver.<init>(FirefoxDriver.java:125)at projectnew.methodClass.open(methodClass.java:16)at projectnew.ObjRepoTest.execute_Actions(ObjRepoTest.java:58)at projectnew.ObjRepoTest.f(ObjRepoTest.java:37)at sun.reflect.NativeMethodAccessorImpl.invoke0(Native Method)at sun.reflect.NativeMethodAccessorImpl.invoke(Unknown Source)at sun.reflect.DelegatingMethodAccessorImpl.invoke(Unknown Source)at java.lang.reflect.Method.invoke(Unknown Source)at org.testng.internal.MethodInvocationHelper.invokeMethod(MethodInvocationHelper.java:124)at org.testng.internal.Invoker.invokeMethod(Invoker.java:571)at org.testng.internal.Invoker.invokeTestMethod(Invoker.java:707)at org.testng.internal.Invoker.invokeTestMethods(Invoker.java:979)at org.testng.internal.TestMethodWorker.invokeTestMethods(TestMethodWorker.java:125)at org.testng.internal.TestMethodWorker.run(TestMethodWorker.java:109)at org.testng.TestRunner.privateRun(TestRunner.java:648)at org.testng.TestRunner.run(TestRunner.java:505)at org.testng.SuiteRunner.runTest(SuiteRunner.java:455)at org.testng.SuiteRunner.runSequentially(SuiteRunner.java:450)at org.testng.SuiteRunner.privateRun(SuiteRunner.java:415)at org.testng.SuiteRunner.run(SuiteRunner.java:364)at org.testng.SuiteRunnerWorker.runSuite(SuiteRunnerWorker.java:52)at org.testng.SuiteRunnerWorker.run(SuiteRunnerWorker.java:84)at org.testng.TestNG.runSuitesSequentially(TestNG.java:1187)at org.testng.TestNG.runSuitesLocally(TestNG.java:1116)at org.testng.TestNG.runSuites(TestNG.java:1028)at org.testng.TestNG.run(TestNG.java:996)at org.testng.remote.AbstractRemoteTestNG.run(AbstractRemoteTestNG.java:114)at org.testng.remote.RemoteTestNG.initAndRun(RemoteTestNG.java:251)at org.testng.remote.RemoteTestNG.main(RemoteTestNG.java:77)]]>
            </full-stacktrace>
          </exception> <!-- org.openqa.selenium.WebDriverException -->
          <reporter-output>
          </reporter-output>
        </test-method> <!-- f -->
        <test-method status="PASS" signature="afterTest()[pri:0, instance:projectnew.ObjRepoTest@1bce4f0a]" name="afterTest" is-config="true" duration-ms="7" started-at="2019-09-22T12:09:43Z" finished-at="2019-09-22T12:09:43Z">
          <reporter-output>
          </reporter-output>
        </test-method> <!-- afterTest -->
      </class> <!-- projectnew.ObjRepoTest -->
    </test> <!-- Default test -->
  </suite> <!-- Default suite -->
</testng-results>
